{"C:\\Users\\HP\\Desktop\\Calculator-Testing\\calculator.js": {"path":"C:\\Users\\HP\\Desktop\\Calculator-Testing\\calculator.js","statementMap":{"0":{"start":{"line":3,"column":16},"end":{"line":3,"column":17}},"1":{"start":{"line":4,"column":18},"end":{"line":4,"column":19}},"2":{"start":{"line":5,"column":17},"end":{"line":5,"column":19}},"3":{"start":{"line":6,"column":13},"end":{"line":6,"column":14}},"4":{"start":{"line":7,"column":2},"end":{"line":51,"column":3}},"5":{"start":{"line":9,"column":4},"end":{"line":11,"column":5}},"6":{"start":{"line":10,"column":6},"end":{"line":10,"column":44}},"7":{"start":{"line":14,"column":4},"end":{"line":24,"column":5}},"8":{"start":{"line":18,"column":6},"end":{"line":18,"column":24}},"9":{"start":{"line":19,"column":11},"end":{"line":24,"column":5}},"10":{"start":{"line":23,"column":6},"end":{"line":23,"column":24}},"11":{"start":{"line":27,"column":4},"end":{"line":30,"column":5}},"12":{"start":{"line":28,"column":6},"end":{"line":28,"column":35}},"13":{"start":{"line":29,"column":6},"end":{"line":29,"column":12}},"14":{"start":{"line":33,"column":4},"end":{"line":47,"column":5}},"15":{"start":{"line":34,"column":6},"end":{"line":34,"column":47}},"16":{"start":{"line":35,"column":6},"end":{"line":35,"column":33}},"17":{"start":{"line":36,"column":11},"end":{"line":47,"column":5}},"18":{"start":{"line":37,"column":6},"end":{"line":39,"column":7}},"19":{"start":{"line":38,"column":8},"end":{"line":38,"column":44}},"20":{"start":{"line":40,"column":6},"end":{"line":40,"column":47}},"21":{"start":{"line":41,"column":6},"end":{"line":41,"column":33}},"22":{"start":{"line":42,"column":11},"end":{"line":47,"column":5}},"23":{"start":{"line":43,"column":6},"end":{"line":43,"column":35}},"24":{"start":{"line":44,"column":6},"end":{"line":44,"column":37}},"25":{"start":{"line":46,"column":6},"end":{"line":46,"column":42}},"26":{"start":{"line":49,"column":4},"end":{"line":49,"column":19}},"27":{"start":{"line":50,"column":4},"end":{"line":50,"column":17}},"28":{"start":{"line":52,"column":2},"end":{"line":52,"column":14}},"29":{"start":{"line":53,"column":2},"end":{"line":53,"column":16}},"30":{"start":{"line":54,"column":2},"end":{"line":63,"column":3}},"31":{"start":{"line":55,"column":4},"end":{"line":59,"column":5}},"32":{"start":{"line":56,"column":6},"end":{"line":56,"column":55}},"33":{"start":{"line":58,"column":6},"end":{"line":58,"column":55}},"34":{"start":{"line":60,"column":4},"end":{"line":60,"column":33}},"35":{"start":{"line":61,"column":4},"end":{"line":61,"column":17}},"36":{"start":{"line":62,"column":4},"end":{"line":62,"column":19}},"37":{"start":{"line":64,"column":2},"end":{"line":64,"column":41}},"38":{"start":{"line":65,"column":2},"end":{"line":65,"column":16}},"39":{"start":{"line":68,"column":0},"end":{"line":68,"column":22}}},"fnMap":{"0":{"name":"calc","decl":{"start":{"line":1,"column":9},"end":{"line":1,"column":13}},"loc":{"start":{"line":1,"column":23},"end":{"line":66,"column":1}},"line":1}},"branchMap":{"0":{"loc":{"start":{"line":9,"column":4},"end":{"line":11,"column":5}},"type":"if","locations":[{"start":{"line":9,"column":4},"end":{"line":11,"column":5}},{"start":{},"end":{}}],"line":9},"1":{"loc":{"start":{"line":14,"column":4},"end":{"line":24,"column":5}},"type":"if","locations":[{"start":{"line":14,"column":4},"end":{"line":24,"column":5}},{"start":{"line":19,"column":11},"end":{"line":24,"column":5}}],"line":14},"2":{"loc":{"start":{"line":15,"column":6},"end":{"line":16,"column":58}},"type":"binary-expr","locations":[{"start":{"line":15,"column":6},"end":{"line":15,"column":26}},{"start":{"line":16,"column":7},"end":{"line":16,"column":30}},{"start":{"line":16,"column":34},"end":{"line":16,"column":57}}],"line":15},"3":{"loc":{"start":{"line":19,"column":11},"end":{"line":24,"column":5}},"type":"if","locations":[{"start":{"line":19,"column":11},"end":{"line":24,"column":5}},{"start":{},"end":{}}],"line":19},"4":{"loc":{"start":{"line":20,"column":6},"end":{"line":21,"column":58}},"type":"binary-expr","locations":[{"start":{"line":20,"column":6},"end":{"line":20,"column":26}},{"start":{"line":21,"column":7},"end":{"line":21,"column":30}},{"start":{"line":21,"column":34},"end":{"line":21,"column":57}}],"line":20},"5":{"loc":{"start":{"line":27,"column":4},"end":{"line":30,"column":5}},"type":"if","locations":[{"start":{"line":27,"column":4},"end":{"line":30,"column":5}},{"start":{},"end":{}}],"line":27},"6":{"loc":{"start":{"line":33,"column":4},"end":{"line":47,"column":5}},"type":"if","locations":[{"start":{"line":33,"column":4},"end":{"line":47,"column":5}},{"start":{"line":36,"column":11},"end":{"line":47,"column":5}}],"line":33},"7":{"loc":{"start":{"line":36,"column":11},"end":{"line":47,"column":5}},"type":"if","locations":[{"start":{"line":36,"column":11},"end":{"line":47,"column":5}},{"start":{"line":42,"column":11},"end":{"line":47,"column":5}}],"line":36},"8":{"loc":{"start":{"line":37,"column":6},"end":{"line":39,"column":7}},"type":"if","locations":[{"start":{"line":37,"column":6},"end":{"line":39,"column":7}},{"start":{},"end":{}}],"line":37},"9":{"loc":{"start":{"line":42,"column":11},"end":{"line":47,"column":5}},"type":"if","locations":[{"start":{"line":42,"column":11},"end":{"line":47,"column":5}},{"start":{"line":45,"column":11},"end":{"line":47,"column":5}}],"line":42},"10":{"loc":{"start":{"line":42,"column":15},"end":{"line":42,"column":65}},"type":"binary-expr","locations":[{"start":{"line":42,"column":15},"end":{"line":42,"column":38}},{"start":{"line":42,"column":42},"end":{"line":42,"column":65}}],"line":42},"11":{"loc":{"start":{"line":55,"column":4},"end":{"line":59,"column":5}},"type":"if","locations":[{"start":{"line":55,"column":4},"end":{"line":59,"column":5}},{"start":{"line":57,"column":11},"end":{"line":59,"column":5}}],"line":55}},"s":{"0":18,"1":18,"2":18,"3":18,"4":18,"5":54,"6":3,"7":51,"8":2,"9":49,"10":2,"11":51,"12":11,"13":11,"14":40,"15":13,"16":13,"17":27,"18":7,"19":2,"20":5,"21":5,"22":20,"23":18,"24":18,"25":2,"26":36,"27":36,"28":11,"29":11,"30":11,"31":12,"32":6,"33":6,"34":12,"35":12,"36":12,"37":11,"38":11,"39":1},"f":{"0":18},"b":{"0":[3,51],"1":[2,49],"2":[51,4,3],"3":[2,47],"4":[49,2,1],"5":[11,40],"6":[13,27],"7":[7,20],"8":[2,5],"9":[18,2],"10":[20,10],"11":[6,6]},"_coverageSchema":"1a1c01bbd47fc00a2c39e90264f33305004495a9","hash":"25566919c954bba4eb250a74a7c5f4b11dfa6f8d"}
}
