TN:
SF:calculator.js
FN:1,calc
FNF:1
FNH:1
FNDA:18,calc
DA:3,18
DA:4,18
DA:5,18
DA:6,18
DA:7,18
DA:9,54
DA:10,3
DA:14,51
DA:18,2
DA:19,49
DA:23,2
DA:27,51
DA:28,11
DA:29,11
DA:33,40
DA:34,13
DA:35,13
DA:36,27
DA:37,7
DA:38,2
DA:40,5
DA:41,5
DA:42,20
DA:43,18
DA:44,18
DA:46,2
DA:49,36
DA:50,36
DA:52,11
DA:53,11
DA:54,11
DA:55,12
DA:56,6
DA:58,6
DA:60,12
DA:61,12
DA:62,12
DA:64,11
DA:65,11
DA:68,1
LF:40
LH:40
BRDA:9,0,0,3
BRDA:9,0,1,51
BRDA:14,1,0,2
BRDA:14,1,1,49
BRDA:15,2,0,51
BRDA:15,2,1,4
BRDA:15,2,2,3
BRDA:19,3,0,2
BRDA:19,3,1,47
BRDA:20,4,0,49
BRDA:20,4,1,2
BRDA:20,4,2,1
BRDA:27,5,0,11
BRDA:27,5,1,40
BRDA:33,6,0,13
BRDA:33,6,1,27
BRDA:36,7,0,7
BRDA:36,7,1,20
BRDA:37,8,0,2
BRDA:37,8,1,5
BRDA:42,9,0,18
BRDA:42,9,1,2
BRDA:42,10,0,20
BRDA:42,10,1,10
BRDA:55,11,0,6
BRDA:55,11,1,6
BRF:26
BRH:26
end_of_record
